Flow report for project_1
Sat Apr 07 21:13:09 2018
Quartus Prime Version 17.0.0 Build 595 04/25/2017 SJ Standard Edition


---------------------
; Table of Contents ;
---------------------
  1. Legal Notice
  2. Flow Summary
  3. Flow Settings
  4. Flow Non-Default Global Settings
  5. Flow Elapsed Time
  6. Flow OS Summary
  7. Flow Log
  8. Flow Messages
  9. Flow Suppressed Messages



----------------
; Legal Notice ;
----------------
Copyright (C) 2017  Intel Corporation. All rights reserved.
Your use of Intel Corporation's design tools, logic functions 
and other software and tools, and its AMPP partner logic 
functions, and any output files from any of the foregoing 
(including device programming or simulation files), and any 
associated documentation or information are expressly subject 
to the terms and conditions of the Intel Program License 
Subscription Agreement, the Intel Quartus Prime License Agreement,
the Intel MegaCore Function License Agreement, or other 
applicable license agreement, including, without limitation, 
that your use is for the sole purpose of programming logic 
devices manufactured by Intel and sold by Intel or its 
authorized distributors.  Please refer to the applicable 
agreement for further details.



+-----------------------------------------------------------------------------------+
; Flow Summary                                                                      ;
+---------------------------------+-------------------------------------------------+
; Flow Status                     ; Successful - Sat Apr 07 21:13:09 2018           ;
; Quartus Prime Version           ; 17.0.0 Build 595 04/25/2017 SJ Standard Edition ;
; Revision Name                   ; project_1                                       ;
; Top-level Entity Name           ; main                                            ;
; Family                          ; Cyclone V                                       ;
; Device                          ; 5CSEMA4U23C6                                    ;
; Timing Models                   ; Final                                           ;
; Logic utilization (in ALMs)     ; 286 / 15,880 ( 2 % )                            ;
; Total registers                 ; 197                                             ;
; Total pins                      ; 45 / 314 ( 14 % )                               ;
; Total virtual pins              ; 0                                               ;
; Total block memory bits         ; 0 / 2,764,800 ( 0 % )                           ;
; Total DSP Blocks                ; 4 / 84 ( 5 % )                                  ;
; Total HSSI RX PCSs              ; 0                                               ;
; Total HSSI PMA RX Deserializers ; 0                                               ;
; Total HSSI TX PCSs              ; 0                                               ;
; Total HSSI PMA TX Serializers   ; 0                                               ;
; Total PLLs                      ; 1 / 5 ( 20 % )                                  ;
; Total DLLs                      ; 0 / 4 ( 0 % )                                   ;
+---------------------------------+-------------------------------------------------+


+-----------------------------------------+
; Flow Settings                           ;
+-------------------+---------------------+
; Option            ; Setting             ;
+-------------------+---------------------+
; Start date & time ; 04/07/2018 21:08:56 ;
; Main task         ; Compilation         ;
; Revision Name     ; project_1           ;
+-------------------+---------------------+


+-----------------------------------------------------------------------------------------------------------------------------+
; Flow Non-Default Global Settings                                                                                            ;
+-------------------------------------+----------------------------------------+---------------+-------------+----------------+
; Assignment Name                     ; Value                                  ; Default Value ; Entity Name ; Section Id     ;
+-------------------------------------+----------------------------------------+---------------+-------------+----------------+
; COMPILER_SIGNATURE_ID               ; 114749773882279.152312453509676        ; --            ; --          ; --             ;
; EDA_OUTPUT_DATA_FORMAT              ; Vhdl                                   ; --            ; --          ; eda_simulation ;
; EDA_SIMULATION_TOOL                 ; ModelSim-Altera (VHDL)                 ; <None>        ; --          ; --             ;
; MAX_CORE_JUNCTION_TEMP              ; 85                                     ; --            ; --          ; --             ;
; MIN_CORE_JUNCTION_TEMP              ; 0                                      ; --            ; --          ; --             ;
; MISC_FILE                           ; altpll.cmp                             ; --            ; --          ; --             ;
; MISC_FILE                           ; aplpll.cmp                             ; --            ; --          ; --             ;
; MISC_FILE                           ; aplpll_sim/aplpll.vho                  ; --            ; --          ; --             ;
; MISC_FILE                           ; apll.cmp                               ; --            ; --          ; --             ;
; MISC_FILE                           ; apll_sim/apll.vho                      ; --            ; --          ; --             ;
; MISC_FILE                           ; vgapll.cmp                             ; --            ; --          ; --             ;
; MISC_FILE                           ; vgapll_sim/vgapll.vo                   ; --            ; --          ; --             ;
; PARTITION_COLOR                     ; -- (Not supported for targeted family) ; --            ; main        ; Top            ;
; PARTITION_FITTER_PRESERVATION_LEVEL ; -- (Not supported for targeted family) ; --            ; main        ; Top            ;
; PARTITION_NETLIST_TYPE              ; -- (Not supported for targeted family) ; --            ; main        ; Top            ;
; PROJECT_OUTPUT_DIRECTORY            ; output_files                           ; --            ; --          ; --             ;
; SPD_FILE                            ; altpll.spd                             ; --            ; --          ; --             ;
; SPD_FILE                            ; aplpll.spd                             ; --            ; --          ; --             ;
; SPD_FILE                            ; apll.spd                               ; --            ; --          ; --             ;
; SPD_FILE                            ; vgapll.spd                             ; --            ; --          ; --             ;
; SYNTHESIS_ONLY_QIP                  ; On                                     ; --            ; --          ; --             ;
; SYNTHESIS_ONLY_QIP                  ; On                                     ; --            ; --          ; --             ;
; SYNTHESIS_ONLY_QIP                  ; On                                     ; --            ; --          ; --             ;
; SYNTHESIS_ONLY_QIP                  ; On                                     ; --            ; --          ; --             ;
; TOP_LEVEL_ENTITY                    ; main                                   ; project_1     ; --          ; --             ;
+-------------------------------------+----------------------------------------+---------------+-------------+----------------+


+-------------------------------------------------------------------------------------------------------------------------------+
; Flow Elapsed Time                                                                                                             ;
+---------------------------+--------------+-------------------------+---------------------+------------------------------------+
; Module Name               ; Elapsed Time ; Average Processors Used ; Peak Virtual Memory ; Total CPU Time (on all processors) ;
+---------------------------+--------------+-------------------------+---------------------+------------------------------------+
; Analysis & Synthesis      ; 00:00:43     ; 1.0                     ; 760 MB              ; 00:01:35                           ;
; Fitter                    ; 00:02:36     ; 1.0                     ; 1921 MB             ; 00:04:18                           ;
; Assembler                 ; 00:00:16     ; 1.0                     ; 707 MB              ; 00:00:16                           ;
; TimeQuest Timing Analyzer ; 00:00:23     ; 1.2                     ; 953 MB              ; 00:00:26                           ;
; EDA Netlist Writer        ; 00:00:06     ; 1.0                     ; 683 MB              ; 00:00:07                           ;
; Total                     ; 00:04:04     ; --                      ; --                  ; 00:06:42                           ;
+---------------------------+--------------+-------------------------+---------------------+------------------------------------+


+----------------------------------------------------------------------------------------+
; Flow OS Summary                                                                        ;
+---------------------------+------------------+-----------+------------+----------------+
; Module Name               ; Machine Hostname ; OS Name   ; OS Version ; Processor type ;
+---------------------------+------------------+-----------+------------+----------------+
; Analysis & Synthesis      ; MAPC             ; Windows 7 ; 6.1        ; x86_64         ;
; Fitter                    ; MAPC             ; Windows 7 ; 6.1        ; x86_64         ;
; Assembler                 ; MAPC             ; Windows 7 ; 6.1        ; x86_64         ;
; TimeQuest Timing Analyzer ; MAPC             ; Windows 7 ; 6.1        ; x86_64         ;
; EDA Netlist Writer        ; MAPC             ; Windows 7 ; 6.1        ; x86_64         ;
+---------------------------+------------------+-----------+------------+----------------+


------------
; Flow Log ;
------------
quartus_map --read_settings_files=on --write_settings_files=off pin-pong -c project_1
quartus_fit --read_settings_files=off --write_settings_files=off pin-pong -c project_1
quartus_asm --read_settings_files=off --write_settings_files=off pin-pong -c project_1
quartus_sta pin-pong -c project_1
quartus_eda --read_settings_files=off --write_settings_files=off pin-pong -c project_1



